<?xml version="1.0" encoding="UTF-8" standalone="no"?>
<testsuite errors="0" failures="5" name="io.cucumber.core.plugin.JUnitFormatter" skipped="0" tests="6" time="82.523">
    <testcase classname="Title of your feature" name="Title of your scenario" time="0.019">
        <failure message="The scenario has pending or undefined step(s)" type="java.lang.Exception"><![CDATA[Given I want to write a step with precondition..............................passed
And some other precondition.................................................passed
When I complete action......................................................passed
And some other action.......................................................undefined
And yet another action......................................................skipped
Then I validate the outcomes................................................skipped
And check more outcomes.....................................................skipped
]]></failure>
    </testcase>
    <testcase classname="Title of your feature" name="Title of your scenario outline" time="0.001">
        <failure message="The scenario has pending or undefined step(s)" type="java.lang.Exception"><![CDATA[Given I want to write a step with name1.....................................undefined
When I check for the 5 in step..............................................skipped
Then I verify the success in step...........................................skipped
]]></failure>
    </testcase>
    <testcase classname="Title of your feature" name="Title of your scenario outline 2" time="0.001">
        <failure message="The scenario has pending or undefined step(s)" type="java.lang.Exception"><![CDATA[Given I want to write a step with name2.....................................undefined
When I check for the 7 in step..............................................skipped
Then I verify the Fail in step..............................................skipped
]]></failure>
    </testcase>
    <testcase classname="Validate login functionality" name="Login Application" time="32.125">
        <system-out><![CDATA[Given Navigate STH application..............................................passed
And Enter uname and password................................................passed
When I click on login button................................................passed
And wait for some time to load the page.....................................passed
Then Home page should display...............................................passed
And Validate home page......................................................passed
]]></system-out>
    </testcase>
    <testcase classname="Validate login functionality" name="Validate login with multiple sets of data" time="24.773">
        <failure message="Step [Enter Fname and Fpwd] is defined with 2 parameters at 'Stepdefination.Navigation.enter_fname_and_fpwd(java.lang.String,java.lang.String)'.&#10;However, the gherkin step has 0 arguments.&#10;Step text: Enter Fname and Fpwd" type="io.cucumber.core.exception.CucumberException"><![CDATA[Given Navigate STH application..............................................passed
And Enter Fname and Fpwd....................................................failed
When I click on login button................................................skipped
When validate error message.................................................skipped

StackTrace:
io.cucumber.core.exception.CucumberException: Step [Enter Fname and Fpwd] is defined with 2 parameters at 'Stepdefination.Navigation.enter_fname_and_fpwd(java.lang.String,java.lang.String)'.
However, the gherkin step has 0 arguments.
Step text: Enter Fname and Fpwd
	at io.cucumber.core.runner.PickleStepDefinitionMatch.arityMismatch(PickleStepDefinitionMatch.java:83)
	at io.cucumber.core.runner.PickleStepDefinitionMatch.runStep(PickleStepDefinitionMatch.java:42)
	at io.cucumber.core.runner.ExecutionMode$1.execute(ExecutionMode.java:10)
	at io.cucumber.core.runner.TestStep.executeStep(TestStep.java:92)
	at io.cucumber.core.runner.TestStep.run(TestStep.java:64)
	at io.cucumber.core.runner.PickleStepTestStep.run(PickleStepTestStep.java:51)
	at io.cucumber.core.runner.TestCase.run(TestCase.java:104)
	at io.cucumber.core.runner.Runner.runPickle(Runner.java:73)
	at io.cucumber.junit.PickleRunners$NoStepDescriptions.run(PickleRunners.java:151)
	at io.cucumber.junit.FeatureRunner.runChild(FeatureRunner.java:135)
	at io.cucumber.junit.FeatureRunner.runChild(FeatureRunner.java:27)
	at org.junit.runners.ParentRunner$4.run(ParentRunner.java:331)
	at org.junit.runners.ParentRunner$1.schedule(ParentRunner.java:79)
	at org.junit.runners.ParentRunner.runChildren(ParentRunner.java:329)
	at org.junit.runners.ParentRunner.access$100(ParentRunner.java:66)
	at org.junit.runners.ParentRunner$2.evaluate(ParentRunner.java:293)
	at org.junit.runners.ParentRunner$3.evaluate(ParentRunner.java:306)
	at org.junit.runners.ParentRunner.run(ParentRunner.java:413)
	at io.cucumber.junit.Cucumber.runChild(Cucumber.java:200)
	at io.cucumber.junit.Cucumber.runChild(Cucumber.java:90)
	at org.junit.runners.ParentRunner$4.run(ParentRunner.java:331)
	at org.junit.runners.ParentRunner$1.schedule(ParentRunner.java:79)
	at org.junit.runners.ParentRunner.runChildren(ParentRunner.java:329)
	at org.junit.runners.ParentRunner.access$100(ParentRunner.java:66)
	at org.junit.runners.ParentRunner$2.evaluate(ParentRunner.java:293)
	at io.cucumber.junit.Cucumber$RunCucumber.evaluate(Cucumber.java:235)
	at org.junit.runners.ParentRunner$3.evaluate(ParentRunner.java:306)
	at org.junit.runners.ParentRunner.run(ParentRunner.java:413)
	at org.eclipse.jdt.internal.junit4.runner.JUnit4TestReference.run(JUnit4TestReference.java:93)
	at org.eclipse.jdt.internal.junit.runner.TestExecution.run(TestExecution.java:40)
	at org.eclipse.jdt.internal.junit.runner.RemoteTestRunner.runTests(RemoteTestRunner.java:529)
	at org.eclipse.jdt.internal.junit.runner.RemoteTestRunner.runTests(RemoteTestRunner.java:756)
	at org.eclipse.jdt.internal.junit.runner.RemoteTestRunner.run(RemoteTestRunner.java:452)
	at org.eclipse.jdt.internal.junit.runner.RemoteTestRunner.main(RemoteTestRunner.java:210)
]]></failure>
    </testcase>
    <testcase classname="Validate login functionality" name="Validate login with multiple sets of data 2" time="25.426">
        <failure message="The scenario has pending or undefined step(s)" type="java.lang.Exception"><![CDATA[Given Navigate STH application..............................................passed
And Enter Sname and Sname...................................................undefined
When I click on login button................................................skipped
When validate error message.................................................skipped
]]></failure>
    </testcase>
</testsuite>
